Build started 3/19/2015 10:26:32 PM.
     1>Project "C:\Users\Stephen\Video Game Programming\4220Group1\Game\Game\Game.vcxproj" on node 2 (Build target(s)).
     1>InitializeBuildStatus:
         Creating "Release\Game.tlog\unsuccessfulbuild" because "AlwaysCreate" was specified.
       _MeshContentTask:
         ..\Data\cube.fbx
         ..\Data\desk.fbx
         ..\Data\desk_corner.fbx
         ..\Data\desk_drawer.fbx
         ..\Data\floor.fbx
         ..\Data\panel.fbx
         ..\Data\panel_corner.fbx
         ..\Data\panel_intersection.fbx
         ..\Data\room.fbx
         All outputs are up-to-date.
         All outputs are up-to-date.
         All outputs are up-to-date.
         All outputs are up-to-date.
         All outputs are up-to-date.
         All outputs are up-to-date.
         All outputs are up-to-date.
       ClCompile:
         C:\Program Files (x86)\Microsoft Visual Studio 12.0\VC\bin\CL.exe /c /I"C:\Users\Stephen\Video Game Programming\4220Group1\Game\\Lib\Bullet\\" /Zi /nologo /W3 /WX- /O2 /Oi /Oy- /GL /D WIN32 /D _WIN32_WINNT=0x600 /D NDEBUG /D _WINDOWS /D _UNICODE /D UNICODE /Gm- /EHsc /MD /GS- /Gy /arch:SSE2 /fp:precise /Zc:wchar_t /Zc:forScope /Fo"Release\\" /Fd"Release\vc120.pdb" /Gd /TP /analyze- /errorReport:prompt GameScene.cpp Physics.cpp PhysicsEntity.cpp Player.cpp SCornerDesk.cpp SDesk.cpp SPanel.cpp main.cpp
         GameScene.cpp
     1>GameScene.cpp(340): warning C4244: 'argument' : conversion from 'double' to 'float', possible loss of data
     1>GameScene.cpp(341): warning C4244: 'argument' : conversion from 'double' to 'float', possible loss of data
     1>GameScene.cpp(444): warning C4305: 'argument' : truncation from 'double' to 'float'
     1>GameScene.cpp(450): warning C4101: 'endFix' : unreferenced local variable
     1>GameScene.cpp(522): warning C4244: 'argument' : conversion from 'int' to 'float', possible loss of data
     1>GameScene.cpp(525): warning C4244: 'argument' : conversion from 'int' to 'float', possible loss of data
     1>GameScene.cpp(531): warning C4244: 'argument' : conversion from 'int' to 'float', possible loss of data
     1>GameScene.cpp(537): warning C4244: 'argument' : conversion from 'int' to 'float', possible loss of data
     1>GameScene.cpp(540): warning C4244: 'argument' : conversion from 'double' to 'float', possible loss of data
         Physics.cpp
     1>Physics.cpp(24): warning C4305: 'argument' : truncation from 'double' to 'const btScalar'
         PhysicsEntity.cpp
         Player.cpp
     1>Player.cpp(33): warning C4244: 'argument' : conversion from 'double' to 'btScalar', possible loss of data
     1>Player.cpp(40): warning C4305: 'argument' : truncation from 'double' to 'btScalar'
     1>Player.cpp(118): warning C4244: '=' : conversion from 'double' to 'float', possible loss of data
     1>Player.cpp(126): warning C4244: '=' : conversion from 'double' to 'float', possible loss of data
     1>Player.cpp(134): warning C4244: '=' : conversion from 'double' to 'float', possible loss of data
     1>Player.cpp(140): warning C4244: '=' : conversion from 'double' to 'float', possible loss of data
     1>Player.cpp(176): warning C4244: '=' : conversion from 'double' to 'float', possible loss of data
     1>Player.cpp(177): warning C4244: '=' : conversion from 'double' to 'float', possible loss of data
     1>Player.cpp(262): warning C4244: 'argument' : conversion from 'double' to 'float', possible loss of data
         SCornerDesk.cpp
         SDesk.cpp
         SPanel.cpp
     1>SPanel.cpp(26): warning C4305: 'argument' : truncation from 'double' to 'const btScalar'
     1>SPanel.cpp(53): warning C4305: 'argument' : truncation from 'double' to 'float'
     1>SPanel.cpp(72): warning C4305: 'argument' : truncation from 'double' to 'float'
         main.cpp
       Link:
         C:\Program Files (x86)\Microsoft Visual Studio 12.0\VC\bin\link.exe /ERRORREPORT:PROMPT /OUT:"C:\Users\Stephen\Video Game Programming\4220Group1\Game\Release\Game.exe" /INCREMENTAL:NO /NOLOGO /LIBPATH:"C:\Users\Stephen\Video Game Programming\4220Group1\Game\\Lib\Release\\" Engine.lib BulletCollision.lib BulletDynamics.lib LinearMath.lib DirectXTK_x86.lib DirectXTKAudio_x86.lib d3d11.lib dxguid.lib winmm.lib kernel32.lib user32.lib gdi32.lib winspool.lib comdlg32.lib advapi32.lib shell32.lib ole32.lib oleaut32.lib uuid.lib odbc32.lib odbccp32.lib kernel32.lib user32.lib gdi32.lib winspool.lib comdlg32.lib advapi32.lib shell32.lib ole32.lib oleaut32.lib uuid.lib odbc32.lib odbccp32.lib /MANIFEST /MANIFESTUAC:"level='asInvoker' uiAccess='false'" /manifest:embed /DEBUG /PDB:"C:\Users\Stephen\Video Game Programming\4220Group1\Game\Release\Game.pdb" /SUBSYSTEM:WINDOWS /OPT:REF /OPT:ICF /LTCG /TLBID:1 /DYNAMICBASE /NXCOMPAT /IMPLIB:"C:\Users\Stephen\Video Game Programming\4220Group1\Game\Release\Game.lib" /MACHINE:X86 /SAFESEH Release\DCornerDesk.obj
         Release\DDesk.obj
         Release\DynamicEntity.obj
         Release\EnemyDesk.obj
         Release\GameScene.obj
         Release\main.obj
         Release\Message.obj
         Release\Physics.obj
         Release\PhysicsEntity.obj
         Release\Player.obj
         Release\Floor.obj
         Release\SCornerDesk.obj
         Release\SDesk.obj
         Release\SPanel.obj
         Release\StaticEntity.obj
         Generating code
         Finished generating code
     1>Engine.lib(Entity.obj) : warning LNK4099: PDB 'vc120.pdb' was not found with 'Engine.lib(Entity.obj)' or at 'C:\Users\Stephen\Video Game Programming\4220Group1\Game\Release\vc120.pdb'; linking object as if no debug info
     1>Engine.lib(Model.obj) : warning LNK4099: PDB 'vc120.pdb' was not found with 'Engine.lib(Model.obj)' or at 'C:\Users\Stephen\Video Game Programming\4220Group1\Game\Release\vc120.pdb'; linking object as if no debug info
     1>Engine.lib(Graphics.obj) : warning LNK4099: PDB 'vc120.pdb' was not found with 'Engine.lib(Graphics.obj)' or at 'C:\Users\Stephen\Video Game Programming\4220Group1\Game\Release\vc120.pdb'; linking object as if no debug info
     1>Engine.lib(Transform.obj) : warning LNK4099: PDB 'vc120.pdb' was not found with 'Engine.lib(Transform.obj)' or at 'C:\Users\Stephen\Video Game Programming\4220Group1\Game\Release\vc120.pdb'; linking object as if no debug info
     1>Engine.lib(Time.obj) : warning LNK4099: PDB 'vc120.pdb' was not found with 'Engine.lib(Time.obj)' or at 'C:\Users\Stephen\Video Game Programming\4220Group1\Game\Release\vc120.pdb'; linking object as if no debug info
     1>Engine.lib(Sound.obj) : warning LNK4099: PDB 'vc120.pdb' was not found with 'Engine.lib(Sound.obj)' or at 'C:\Users\Stephen\Video Game Programming\4220Group1\Game\Release\vc120.pdb'; linking object as if no debug info
     1>Engine.lib(Platform.obj) : warning LNK4099: PDB 'vc120.pdb' was not found with 'Engine.lib(Platform.obj)' or at 'C:\Users\Stephen\Video Game Programming\4220Group1\Game\Release\vc120.pdb'; linking object as if no debug info
     1>Engine.lib(Game.obj) : warning LNK4099: PDB 'vc120.pdb' was not found with 'Engine.lib(Game.obj)' or at 'C:\Users\Stephen\Video Game Programming\4220Group1\Game\Release\vc120.pdb'; linking object as if no debug info
     1>Engine.lib(Scene.obj) : warning LNK4099: PDB 'vc120.pdb' was not found with 'Engine.lib(Scene.obj)' or at 'C:\Users\Stephen\Video Game Programming\4220Group1\Game\Release\vc120.pdb'; linking object as if no debug info
     1>Engine.lib(Input.obj) : warning LNK4099: PDB 'vc120.pdb' was not found with 'Engine.lib(Input.obj)' or at 'C:\Users\Stephen\Video Game Programming\4220Group1\Game\Release\vc120.pdb'; linking object as if no debug info
     1>Engine.lib(Font.obj) : warning LNK4099: PDB 'vc120.pdb' was not found with 'Engine.lib(Font.obj)' or at 'C:\Users\Stephen\Video Game Programming\4220Group1\Game\Release\vc120.pdb'; linking object as if no debug info
     1>Engine.lib(Camera.obj) : warning LNK4099: PDB 'vc120.pdb' was not found with 'Engine.lib(Camera.obj)' or at 'C:\Users\Stephen\Video Game Programming\4220Group1\Game\Release\vc120.pdb'; linking object as if no debug info
     1>Engine.lib(Hash.obj) : warning LNK4099: PDB 'vc120.pdb' was not found with 'Engine.lib(Hash.obj)' or at 'C:\Users\Stephen\Video Game Programming\4220Group1\Game\Release\vc120.pdb'; linking object as if no debug info
     1>Engine.lib(tinyxml2.obj) : warning LNK4099: PDB 'vc120.pdb' was not found with 'Engine.lib(tinyxml2.obj)' or at 'C:\Users\Stephen\Video Game Programming\4220Group1\Game\Release\vc120.pdb'; linking object as if no debug info
     1>DirectXTK_x86.lib(ModelLoadCMO.obj) : warning LNK4099: PDB 'directxtk.pdb' was not found with 'DirectXTK_x86.lib(ModelLoadCMO.obj)' or at 'C:\Users\Stephen\Video Game Programming\4220Group1\Game\Release\directxtk.pdb'; linking object as if no debug info
     1>DirectXTK_x86.lib(Model.obj) : warning LNK4099: PDB 'directxtk.pdb' was not found with 'DirectXTK_x86.lib(Model.obj)' or at 'C:\Users\Stephen\Video Game Programming\4220Group1\Game\Release\directxtk.pdb'; linking object as if no debug info
     1>DirectXTK_x86.lib(DGSLEffectFactory.obj) : warning LNK4099: PDB 'directxtk.pdb' was not found with 'DirectXTK_x86.lib(DGSLEffectFactory.obj)' or at 'C:\Users\Stephen\Video Game Programming\4220Group1\Game\Release\directxtk.pdb'; linking object as if no debug info
     1>DirectXTK_x86.lib(CommonStates.obj) : warning LNK4099: PDB 'directxtk.pdb' was not found with 'DirectXTK_x86.lib(CommonStates.obj)' or at 'C:\Users\Stephen\Video Game Programming\4220Group1\Game\Release\directxtk.pdb'; linking object as if no debug info
     1>DirectXTK_x86.lib(SpriteBatch.obj) : warning LNK4099: PDB 'directxtk.pdb' was not found with 'DirectXTK_x86.lib(SpriteBatch.obj)' or at 'C:\Users\Stephen\Video Game Programming\4220Group1\Game\Release\directxtk.pdb'; linking object as if no debug info
     1>DirectXTK_x86.lib(SpriteFont.obj) : warning LNK4099: PDB 'directxtk.pdb' was not found with 'DirectXTK_x86.lib(SpriteFont.obj)' or at 'C:\Users\Stephen\Video Game Programming\4220Group1\Game\Release\directxtk.pdb'; linking object as if no debug info
     1>DirectXTK_x86.lib(pch.obj) : warning LNK4099: PDB 'directxtk.pdb' was not found with 'DirectXTK_x86.lib(pch.obj)' or at 'C:\Users\Stephen\Video Game Programming\4220Group1\Game\Release\directxtk.pdb'; linking object as if no debug info
     1>DirectXTK_x86.lib(VertexTypes.obj) : warning LNK4099: PDB 'directxtk.pdb' was not found with 'DirectXTK_x86.lib(VertexTypes.obj)' or at 'C:\Users\Stephen\Video Game Programming\4220Group1\Game\Release\directxtk.pdb'; linking object as if no debug info
     1>DirectXTK_x86.lib(DGSLEffect.obj) : warning LNK4099: PDB 'directxtk.pdb' was not found with 'DirectXTK_x86.lib(DGSLEffect.obj)' or at 'C:\Users\Stephen\Video Game Programming\4220Group1\Game\Release\directxtk.pdb'; linking object as if no debug info
     1>DirectXTK_x86.lib(BinaryReader.obj) : warning LNK4099: PDB 'directxtk.pdb' was not found with 'DirectXTK_x86.lib(BinaryReader.obj)' or at 'C:\Users\Stephen\Video Game Programming\4220Group1\Game\Release\directxtk.pdb'; linking object as if no debug info
     1>DirectXTK_x86.lib(DDSTextureLoader.obj) : warning LNK4099: PDB 'directxtk.pdb' was not found with 'DirectXTK_x86.lib(DDSTextureLoader.obj)' or at 'C:\Users\Stephen\Video Game Programming\4220Group1\Game\Release\directxtk.pdb'; linking object as if no debug info
     1>DirectXTK_x86.lib(WICTextureLoader.obj) : warning LNK4099: PDB 'directxtk.pdb' was not found with 'DirectXTK_x86.lib(WICTextureLoader.obj)' or at 'C:\Users\Stephen\Video Game Programming\4220Group1\Game\Release\directxtk.pdb'; linking object as if no debug info
     1>DirectXTK_x86.lib(EffectCommon.obj) : warning LNK4099: PDB 'directxtk.pdb' was not found with 'DirectXTK_x86.lib(EffectCommon.obj)' or at 'C:\Users\Stephen\Video Game Programming\4220Group1\Game\Release\directxtk.pdb'; linking object as if no debug info
     1>DirectXTKAudio_x86.lib(SoundEffect.obj) : warning LNK4099: PDB 'directxtkaudiodx.pdb' was not found with 'DirectXTKAudio_x86.lib(SoundEffect.obj)' or at 'C:\Users\Stephen\Video Game Programming\4220Group1\Game\Release\directxtkaudiodx.pdb'; linking object as if no debug info
     1>DirectXTKAudio_x86.lib(SoundEffectInstance.obj) : warning LNK4099: PDB 'directxtkaudiodx.pdb' was not found with 'DirectXTKAudio_x86.lib(SoundEffectInstance.obj)' or at 'C:\Users\Stephen\Video Game Programming\4220Group1\Game\Release\directxtkaudiodx.pdb'; linking object as if no debug info
     1>DirectXTKAudio_x86.lib(AudioEngine.obj) : warning LNK4099: PDB 'directxtkaudiodx.pdb' was not found with 'DirectXTKAudio_x86.lib(AudioEngine.obj)' or at 'C:\Users\Stephen\Video Game Programming\4220Group1\Game\Release\directxtkaudiodx.pdb'; linking object as if no debug info
     1>DirectXTKAudio_x86.lib(SoundCommon.obj) : warning LNK4099: PDB 'directxtkaudiodx.pdb' was not found with 'DirectXTKAudio_x86.lib(SoundCommon.obj)' or at 'C:\Users\Stephen\Video Game Programming\4220Group1\Game\Release\directxtkaudiodx.pdb'; linking object as if no debug info
     1>DirectXTKAudio_x86.lib(WAVFileReader.obj) : warning LNK4099: PDB 'directxtkaudiodx.pdb' was not found with 'DirectXTKAudio_x86.lib(WAVFileReader.obj)' or at 'C:\Users\Stephen\Video Game Programming\4220Group1\Game\Release\directxtkaudiodx.pdb'; linking object as if no debug info
     1>DirectXTKAudio_x86.lib(WaveBank.obj) : warning LNK4099: PDB 'directxtkaudiodx.pdb' was not found with 'DirectXTKAudio_x86.lib(WaveBank.obj)' or at 'C:\Users\Stephen\Video Game Programming\4220Group1\Game\Release\directxtkaudiodx.pdb'; linking object as if no debug info
     1>DirectXTKAudio_x86.lib(WaveBankReader.obj) : warning LNK4099: PDB 'directxtkaudiodx.pdb' was not found with 'DirectXTKAudio_x86.lib(WaveBankReader.obj)' or at 'C:\Users\Stephen\Video Game Programming\4220Group1\Game\Release\directxtkaudiodx.pdb'; linking object as if no debug info
         Game.vcxproj -> C:\Users\Stephen\Video Game Programming\4220Group1\Game\Release\Game.exe
       FinalizeBuildStatus:
         Deleting file "Release\Game.tlog\unsuccessfulbuild".
         Touching "Release\Game.tlog\Game.lastbuildstate".
     1>Done Building Project "C:\Users\Stephen\Video Game Programming\4220Group1\Game\Game\Game.vcxproj" (Build target(s)).

Build succeeded.

Time Elapsed 00:01:10.19
